# Logfile created on 2014-11-18 19:06:18 +0000 by logger.rb/41954
I, [2014-11-18T19:06:18.631517 #5044]  INFO -- : 0:  rake (10.3.2) from /Users/dhaval/.rvm/gems/ruby-2.0.0-p353/specifications/rake-10.3.2.gemspec
I, [2014-11-18T19:06:19.049011 #5044]  INFO -- : 0:  Platform (0.4.0) from /Users/dhaval/.rvm/gems/ruby-2.0.0-p353/specifications/Platform-0.4.0.gemspec
I, [2014-11-18T19:06:19.589987 #5044]  INFO -- : 0:  i18n (0.6.11) from /Users/dhaval/.rvm/gems/ruby-2.0.0-p353/specifications/i18n-0.6.11.gemspec
I, [2014-11-18T19:06:19.590324 #5044]  INFO -- : 0:  json (1.8.1) from /Users/dhaval/.rvm/gems/ruby-2.0.0-p353/specifications/json-1.8.1.gemspec
I, [2014-11-18T19:06:20.070078 #5044]  INFO -- : 0:  minitest (5.4.3) from /Users/dhaval/.rvm/gems/ruby-2.0.0-p353/specifications/minitest-5.4.3.gemspec
I, [2014-11-18T19:06:20.570900 #5044]  INFO -- : 0:  thread_safe (0.3.4) from /Users/dhaval/.rvm/gems/ruby-2.0.0-p353/specifications/thread_safe-0.3.4.gemspec
I, [2014-11-18T19:06:21.139019 #5044]  INFO -- : 0:  tzinfo (1.2.2) from /Users/dhaval/.rvm/gems/ruby-2.0.0-p353/specifications/tzinfo-1.2.2.gemspec
I, [2014-11-18T19:06:21.752511 #5044]  INFO -- : 0:  activesupport (4.1.8) from /Users/dhaval/.rvm/gems/ruby-2.0.0-p353/specifications/activesupport-4.1.8.gemspec
I, [2014-11-18T19:06:21.752887 #5044]  INFO -- : 0:  addressable (2.3.6) from /Users/dhaval/.rvm/gems/ruby-2.0.0-p353/specifications/addressable-2.3.6.gemspec
I, [2014-11-18T19:06:21.769366 #5044]  INFO -- : 0:  builder (3.2.2) from /Users/dhaval/.rvm/gems/ruby-2.0.0-p353/specifications/builder-3.2.2.gemspec
I, [2014-11-18T19:06:22.252759 #5044]  INFO -- : 0:  mime-types (2.4.3) from /Users/dhaval/.rvm/gems/ruby-2.0.0-p353/specifications/mime-types-2.4.3.gemspec
I, [2014-11-18T19:06:22.685571 #5044]  INFO -- : 0:  mini_portile (0.6.1) from /Users/dhaval/.rvm/gems/ruby-2.0.0-p353/specifications/mini_portile-0.6.1.gemspec
I, [2014-11-18T19:07:19.610530 #5044]  INFO -- : 0:  nokogiri (1.6.4.1) from /Users/dhaval/.rvm/gems/ruby-2.0.0-p353/specifications/nokogiri-1.6.4.1.gemspec
I, [2014-11-18T19:07:19.611147 #5044]  INFO -- : 0:  rack (1.5.2) from /Users/dhaval/.rvm/gems/ruby-2.0.0-p353/specifications/rack-1.5.2.gemspec
I, [2014-11-18T19:07:19.611477 #5044]  INFO -- : 0:  rack-test (0.6.2) from /Users/dhaval/.rvm/gems/ruby-2.0.0-p353/specifications/rack-test-0.6.2.gemspec
I, [2014-11-18T19:07:19.611789 #5044]  INFO -- : 0:  xpath (2.0.0) from /Users/dhaval/.rvm/gems/ruby-2.0.0-p353/specifications/xpath-2.0.0.gemspec
I, [2014-11-18T19:07:20.186197 #5044]  INFO -- : 0:  capybara (2.4.4) from /Users/dhaval/.rvm/gems/ruby-2.0.0-p353/specifications/capybara-2.4.4.gemspec
I, [2014-11-18T19:07:20.759222 #5044]  INFO -- : 0:  capybara-angular (0.1.0) from /Users/dhaval/.rvm/gems/ruby-2.0.0-p353/specifications/capybara-angular-0.1.0.gemspec
I, [2014-11-18T19:07:24.589627 #5044]  INFO -- : 0:  ffi (1.9.6) from /Users/dhaval/.rvm/gems/ruby-2.0.0-p353/specifications/ffi-1.9.6.gemspec
I, [2014-11-18T19:07:25.041603 #5044]  INFO -- : 0:  childprocess (0.5.5) from /Users/dhaval/.rvm/gems/ruby-2.0.0-p353/specifications/childprocess-0.5.5.gemspec
I, [2014-11-18T19:07:25.042052 #5044]  INFO -- : 0:  diff-lcs (1.2.5) from /Users/dhaval/.rvm/gems/ruby-2.0.0-p353/specifications/diff-lcs-1.2.5.gemspec
I, [2014-11-18T19:07:25.477151 #5044]  INFO -- : 0:  multi_json (1.10.1) from /Users/dhaval/.rvm/gems/ruby-2.0.0-p353/specifications/multi_json-1.10.1.gemspec
I, [2014-11-18T19:07:25.477439 #5044]  INFO -- : 0:  gherkin (2.12.2) from /Users/dhaval/.rvm/gems/ruby-2.0.0-p353/specifications/gherkin-2.12.2.gemspec
I, [2014-11-18T19:07:25.477639 #5044]  INFO -- : 0:  multi_test (0.1.1) from /Users/dhaval/.rvm/gems/ruby-2.0.0-p353/specifications/multi_test-0.1.1.gemspec
I, [2014-11-18T19:07:26.195161 #5044]  INFO -- : 0:  cucumber (1.3.17) from /Users/dhaval/.rvm/gems/ruby-2.0.0-p353/specifications/cucumber-1.3.17.gemspec
I, [2014-11-18T19:07:26.637790 #5044]  INFO -- : 0:  cucumber-helpers (0.0.6) from /Users/dhaval/.rvm/gems/ruby-2.0.0-p353/specifications/cucumber-helpers-0.0.6.gemspec
I, [2014-11-18T19:07:27.021076 #5044]  INFO -- : 0:  http_capture (0.2.0) from /Users/dhaval/.rvm/gems/ruby-2.0.0-p353/specifications/http_capture-0.2.0.gemspec
I, [2014-11-18T19:07:27.464477 #5044]  INFO -- : 0:  rspec-support (3.1.2) from /Users/dhaval/.rvm/gems/ruby-2.0.0-p353/specifications/rspec-support-3.1.2.gemspec
I, [2014-11-18T19:07:27.930148 #5044]  INFO -- : 0:  rspec-core (3.1.7) from /Users/dhaval/.rvm/gems/ruby-2.0.0-p353/specifications/rspec-core-3.1.7.gemspec
I, [2014-11-18T19:07:28.446933 #5044]  INFO -- : 0:  rspec-expectations (3.1.2) from /Users/dhaval/.rvm/gems/ruby-2.0.0-p353/specifications/rspec-expectations-3.1.2.gemspec
I, [2014-11-18T19:07:28.930689 #5044]  INFO -- : 0:  rspec-mocks (3.1.3) from /Users/dhaval/.rvm/gems/ruby-2.0.0-p353/specifications/rspec-mocks-3.1.3.gemspec
I, [2014-11-18T19:07:29.300921 #5044]  INFO -- : 0:  rspec (3.1.0) from /Users/dhaval/.rvm/gems/ruby-2.0.0-p353/specifications/rspec-3.1.0.gemspec
I, [2014-11-18T19:07:29.789201 #5044]  INFO -- : 0:  cucumber-rest (0.1.4) from /Users/dhaval/.rvm/gems/ruby-2.0.0-p353/specifications/cucumber-rest-0.1.4.gemspec
I, [2014-11-18T19:07:29.789501 #5044]  INFO -- : 0:  cuporter (0.3.14) from /Users/dhaval/.rvm/gems/ruby-2.0.0-p353/specifications/cuporter-0.3.14.gemspec
I, [2014-11-18T19:07:30.199201 #5044]  INFO -- : 0:  headless (1.0.2) from /Users/dhaval/.rvm/gems/ruby-2.0.0-p353/specifications/headless-1.0.2.gemspec
I, [2014-11-18T19:07:30.765460 #5044]  INFO -- : 0:  httpclient (2.5.3.3) from /Users/dhaval/.rvm/gems/ruby-2.0.0-p353/specifications/httpclient-2.5.3.3.gemspec
I, [2014-11-18T19:07:31.162780 #5044]  INFO -- : 0:  parallel (1.3.3) from /Users/dhaval/.rvm/gems/ruby-2.0.0-p353/specifications/parallel-1.3.3.gemspec
I, [2014-11-18T19:07:31.641803 #5044]  INFO -- : 0:  parallel_tests (1.0.7) from /Users/dhaval/.rvm/gems/ruby-2.0.0-p353/specifications/parallel_tests-1.0.7.gemspec
I, [2014-11-18T19:07:32.037201 #5044]  INFO -- : 0:  rspec-collection_matchers (1.1.2) from /Users/dhaval/.rvm/gems/ruby-2.0.0-p353/specifications/rspec-collection_matchers-1.1.2.gemspec
I, [2014-11-18T19:07:32.511196 #5044]  INFO -- : 0:  rubyzip (1.1.6) from /Users/dhaval/.rvm/gems/ruby-2.0.0-p353/specifications/rubyzip-1.1.6.gemspec
I, [2014-11-18T19:07:32.983588 #5044]  INFO -- : 0:  websocket (1.2.1) from /Users/dhaval/.rvm/gems/ruby-2.0.0-p353/specifications/websocket-1.2.1.gemspec
I, [2014-11-18T19:07:33.950335 #5044]  INFO -- : 0:  selenium-webdriver (2.44.0) from /Users/dhaval/.rvm/gems/ruby-2.0.0-p353/specifications/selenium-webdriver-2.44.0.gemspec
I, [2014-11-18T19:07:33.950687 #5044]  INFO -- : 0:  site_prism (2.6) from /Users/dhaval/.rvm/gems/ruby-2.0.0-p353@global/specifications/site_prism-2.6.gemspec
I, [2014-11-18T19:07:33.950931 #5044]  INFO -- : 0:  bundler (1.5.1) from /Users/dhaval/.rvm/gems/ruby-2.0.0-p353@global/specifications/bundler-1.5.1.gemspec
